[2026-01-01 13:26:42] TEST_MAINTENANCE_LOG_ENTRY
[2026-01-01 13:26:43] NOTIFICATION SENT: temp (CRITICAL: Process Limit Exceeded)
[2026-01-01 13:26:44] --- PLANNED SHUTDOWN COMPLETE ---
[2026-01-01 13:26:44] CRITICAL: No data received for 3 seconds. Check Simulator.
[2026-01-01 13:59:20] Connecting to 127.0.0.1:5000...
[2026-01-01 13:59:20] Network: Connected to Simulator.
[2026-01-01 13:59:28] Auth Failed: Invalid password attempt.
[2026-01-01 13:59:34] NOTIFICATION SENT: optical (CRITICAL: Process Limit Exceeded)
[2026-01-01 13:59:34] Engineer Authenticated.
[2026-01-01 13:59:36] NOTIFICATION SENT: optical (CRITICAL: Process Limit Exceeded)
[2026-01-01 13:59:37] NOTIFICATION SENT: press (CRITICAL: Process Limit Exceeded)
[2026-01-01 13:59:38] --- SNAPSHOT ---
[2026-01-01 13:59:39] temp: 60.0
[2026-01-01 13:59:39] press: 36.0
[2026-01-01 13:59:39] speed: 90.0
[2026-01-01 13:59:39] vib: 2.2
[2026-01-01 13:59:39] optical: 90.0
[2026-01-01 13:59:43] NOTIFICATION SENT: optical (CRITICAL: Process Limit Exceeded)
[2026-01-01 13:59:43] SEND FAILED: [Errno 32] Broken pipe
[2026-01-01 13:59:43] --- PLANNED SHUTDOWN COMPLETE ---
[2026-01-01 14:45:37] Connecting to 127.0.0.1:5000...
[2026-01-01 14:45:37] Network: Connected to Simulator.
[2026-01-01 14:45:51] NOTIFICATION SENT: optical (CRITICAL: Process Limit Exceeded)
[2026-01-01 14:45:53] NOTIFICATION SENT: optical (CRITICAL: Process Limit Exceeded)
[2026-01-01 14:45:54] NOTIFICATION SENT: press (CRITICAL: Process Limit Exceeded)
[2026-01-01 15:01:15] Connecting to 127.0.0.1:5000...
[2026-01-01 15:01:15] Connection lost: [Errno 111] Connection refused. Retrying...
[2026-01-01 15:01:48] Connecting to 127.0.0.1:5000...
[2026-01-01 15:01:48] Connection lost: [Errno 111] Connection refused. Retrying...
[2026-01-01 15:02:46] Connecting to 127.0.0.1:5000...
[2026-01-01 15:02:46] Network: Connected to Simulator.
[2026-01-01 15:03:00] NOTIFICATION SENT: optical (CRITICAL: Process Limit Exceeded)
[2026-01-01 15:03:02] NOTIFICATION SENT: optical (CRITICAL: Process Limit Exceeded)
[2026-01-01 15:03:03] NOTIFICATION SENT: press (CRITICAL: Process Limit Exceeded)
[2026-01-01 15:03:04] Engineer Authenticated.
[2026-01-01 15:03:07] CMD SENT: restart
[2026-01-01 15:03:07] Alarm history purged.
[2026-01-01 15:03:07] --- SYSTEM RESTART INITIATED ---
[2026-01-01 15:03:07] --- System Purged: All Reliability Counters Reset ---
[2026-01-01 15:03:14] SEND FAILED: [Errno 9] Bad file descriptor
[2026-01-01 15:03:14] --- PLANNED SHUTDOWN COMPLETE ---
[2026-01-01 15:40:50] Connecting to 127.0.0.1:5000...
[2026-01-01 15:40:50] Network: Connected to Simulator.
[2026-01-01 15:41:09] Auth Failed: Invalid password attempt.
[2026-01-01 15:41:12] Engineer Authenticated.
[2026-01-01 15:41:19] CMD SENT: restart
[2026-01-01 15:41:19] Alarm history purged.
[2026-01-01 15:41:19] --- SYSTEM RESTART INITIATED ---
[2026-01-01 15:41:19] --- System Purged: All Reliability Counters Reset ---
[2026-01-01 15:41:29] --- SNAPSHOT ---
[2026-01-01 15:41:29] temp: 52.0
[2026-01-01 15:41:29] optical: 75.0
[2026-01-01 15:41:29] press: 26.0
[2026-01-01 15:41:29] speed: 90.0
[2026-01-01 15:41:29] vib: 1.8
[2026-01-01 15:41:46] Data successfully exported to /home/youssef/Desktop/Real_Time_Production_Line_Sensor_Dashboard_with_Remote/logs3
